<?xml version="1.0" encoding="UTF-8"?>
<testsuite xmlns:xsi="http://www.w3.org/2001/XMLSchema-instance" xsi:noNamespaceSchemaLocation="https://maven.apache.org/surefire/maven-surefire-plugin/xsd/surefire-test-report-3.0.xsd" version="3.0" name="org.imaginnovate.GreetingResourceTest" time="8.496" tests="1" errors="1" skipped="0" failures="0">
  <properties>
    <property name="java.specification.version" value="21"/>
    <property name="sun.jnu.encoding" value="UTF-8"/>
    <property name="io.quarkus.security.http.test-if-basic-auth-implicitly-required" value="true"/>
    <property name="java.class.path" value="/home/developer/Documents/rm/target/test-classes:/home/developer/Documents/rm/target/classes:/home/developer/.m2/repository/io/quarkus/quarkus-hibernate-orm-rest-data-panache/3.11.0/quarkus-hibernate-orm-rest-data-panache-3.11.0.jar:/home/developer/.m2/repository/io/quarkus/quarkus-rest-data-panache/3.11.0/quarkus-rest-data-panache-3.11.0.jar:/home/developer/.m2/repository/io/quarkus/quarkus-panache-common/3.11.0/quarkus-panache-common-3.11.0.jar:/home/developer/.m2/repository/io/quarkus/quarkus-hal/3.11.0/quarkus-hal-3.11.0.jar:/home/developer/.m2/repository/jakarta/ws/rs/jakarta.ws.rs-api/3.1.0/jakarta.ws.rs-api-3.1.0.jar:/home/developer/.m2/repository/jakarta/validation/jakarta.validation-api/3.0.2/jakarta.validation-api-3.0.2.jar:/home/developer/.m2/repository/io/quarkus/quarkus-hibernate-orm-panache/3.11.0/quarkus-hibernate-orm-panache-3.11.0.jar:/home/developer/.m2/repository/io/quarkus/quarkus-hibernate-orm/3.11.0/quarkus-hibernate-orm-3.11.0.jar:/home/developer/.m2/repository/io/quarkus/quarkus-agroal/3.11.0/quarkus-agroal-3.11.0.jar:/home/developer/.m2/repository/io/quarkus/quarkus-datasource/3.11.0/quarkus-datasource-3.11.0.jar:/home/developer/.m2/repository/io/agroal/agroal-api/2.3/agroal-api-2.3.jar:/home/developer/.m2/repository/io/agroal/agroal-narayana/2.3/agroal-narayana-2.3.jar:/home/developer/.m2/repository/org/jboss/jboss-transaction-spi/8.0.0.Final/jboss-transaction-spi-8.0.0.Final.jar:/home/developer/.m2/repository/io/agroal/agroal-pool/2.3/agroal-pool-2.3.jar:/home/developer/.m2/repository/io/quarkus/quarkus-narayana-jta/3.11.0/quarkus-narayana-jta-3.11.0.jar:/home/developer/.m2/repository/io/quarkus/quarkus-transaction-annotations/3.11.0/quarkus-transaction-annotations-3.11.0.jar:/home/developer/.m2/repository/io/quarkus/quarkus-datasource-common/3.11.0/quarkus-datasource-common-3.11.0.jar:/home/developer/.m2/repository/io/smallrye/smallrye-context-propagation-jta/2.1.0/smallrye-context-propagation-jta-2.1.0.jar:/home/developer/.m2/repository/io/smallrye/reactive/smallrye-reactive-converter-api/3.0.1/smallrye-reactive-converter-api-3.0.1.jar:/home/developer/.m2/repository/io/smallrye/reactive/smallrye-reactive-converter-mutiny/3.0.1/smallrye-reactive-converter-mutiny-3.0.1.jar:/home/developer/.m2/repository/org/jboss/narayana/jta/narayana-jta/7.0.1.Final/narayana-jta-7.0.1.Final.jar:/home/developer/.m2/repository/jakarta/resource/jakarta.resource-api/2.1.0/jakarta.resource-api-2.1.0.jar:/home/developer/.m2/repository/org/jboss/invocation/jboss-invocation/2.0.0.Final/jboss-invocation-2.0.0.Final.jar:/home/developer/.m2/repository/org/eclipse/microprofile/reactive-streams-operators/microprofile-reactive-streams-operators-api/3.0/microprofile-reactive-streams-operators-api-3.0.jar:/home/developer/.m2/repository/org/jboss/narayana/jts/narayana-jts-integration/7.0.1.Final/narayana-jts-integration-7.0.1.Final.jar:/home/developer/.m2/repository/org/hibernate/orm/hibernate-core/6.5.2.Final/hibernate-core-6.5.2.Final.jar:/home/developer/.m2/repository/com/fasterxml/classmate/1.7.0/classmate-1.7.0.jar:/home/developer/.m2/repository/org/antlr/antlr4-runtime/4.13.0/antlr4-runtime-4.13.0.jar:/home/developer/.m2/repository/net/bytebuddy/byte-buddy/1.14.15/byte-buddy-1.14.15.jar:/home/developer/.m2/repository/org/hibernate/common/hibernate-commons-annotations/6.0.6.Final/hibernate-commons-annotations-6.0.6.Final.jar:/home/developer/.m2/repository/org/hibernate/orm/hibernate-graalvm/6.5.2.Final/hibernate-graalvm-6.5.2.Final.jar:/home/developer/.m2/repository/org/glassfish/jaxb/jaxb-runtime/4.0.5/jaxb-runtime-4.0.5.jar:/home/developer/.m2/repository/org/glassfish/jaxb/jaxb-core/4.0.5/jaxb-core-4.0.5.jar:/home/developer/.m2/repository/org/eclipse/angus/angus-activation/2.0.2/angus-activation-2.0.2.jar:/home/developer/.m2/repository/org/glassfish/jaxb/txw2/4.0.5/txw2-4.0.5.jar:/home/developer/.m2/repository/com/sun/istack/istack-commons-runtime/4.1.2/istack-commons-runtime-4.1.2.jar:/home/developer/.m2/repository/jakarta/persistence/jakarta.persistence-api/3.1.0/jakarta.persistence-api-3.1.0.jar:/home/developer/.m2/repository/org/hibernate/quarkus-local-cache/0.3.0/quarkus-local-cache-0.3.0.jar:/home/developer/.m2/repository/io/quarkus/quarkus-caffeine/3.11.0/quarkus-caffeine-3.11.0.jar:/home/developer/.m2/repository/com/github/ben-manes/caffeine/caffeine/3.1.5/caffeine-3.1.5.jar:/home/developer/.m2/repository/com/google/errorprone/error_prone_annotations/2.27.1/error_prone_annotations-2.27.1.jar:/home/developer/.m2/repository/io/quarkus/quarkus-hibernate-orm-panache-common/3.11.0/quarkus-hibernate-orm-panache-common-3.11.0.jar:/home/developer/.m2/repository/io/quarkus/quarkus-panache-hibernate-common/3.11.0/quarkus-panache-hibernate-common-3.11.0.jar:/home/developer/.m2/repository/io/quarkus/quarkus-smallrye-openapi/3.11.0/quarkus-smallrye-openapi-3.11.0.jar:/home/developer/.m2/repository/io/smallrye/smallrye-open-api-core/3.10.0/smallrye-open-api-core-3.10.0.jar:/home/developer/.m2/repository/org/eclipse/microprofile/openapi/microprofile-openapi-api/3.1.1/microprofile-openapi-api-3.1.1.jar:/home/developer/.m2/repository/org/eclipse/microprofile/config/microprofile-config-api/3.1/microprofile-config-api-3.1.jar:/home/developer/.m2/repository/com/fasterxml/jackson/core/jackson-core/2.17.1/jackson-core-2.17.1.jar:/home/developer/.m2/repository/com/fasterxml/jackson/core/jackson-databind/2.17.1/jackson-databind-2.17.1.jar:/home/developer/.m2/repository/com/fasterxml/jackson/core/jackson-annotations/2.17.1/jackson-annotations-2.17.1.jar:/home/developer/.m2/repository/com/fasterxml/jackson/dataformat/jackson-dataformat-yaml/2.17.1/jackson-dataformat-yaml-2.17.1.jar:/home/developer/.m2/repository/org/yaml/snakeyaml/2.2/snakeyaml-2.2.jar:/home/developer/.m2/repository/io/smallrye/jandex/3.1.8/jandex-3.1.8.jar:/home/developer/.m2/repository/org/jboss/logging/jboss-logging/3.5.3.Final/jboss-logging-3.5.3.Final.jar:/home/developer/.m2/repository/io/quarkus/quarkus-core/3.11.0/quarkus-core-3.11.0.jar:/home/developer/.m2/repository/jakarta/annotation/jakarta.annotation-api/3.0.0/jakarta.annotation-api-3.0.0.jar:/home/developer/.m2/repository/jakarta/enterprise/jakarta.enterprise.cdi-api/4.1.0/jakarta.enterprise.cdi-api-4.1.0.jar:/home/developer/.m2/repository/jakarta/enterprise/jakarta.enterprise.lang-model/4.1.0/jakarta.enterprise.lang-model-4.1.0.jar:/home/developer/.m2/repository/jakarta/el/jakarta.el-api/5.0.1/jakarta.el-api-5.0.1.jar:/home/developer/.m2/repository/jakarta/interceptor/jakarta.interceptor-api/2.2.0/jakarta.interceptor-api-2.2.0.jar:/home/developer/.m2/repository/jakarta/inject/jakarta.inject-api/2.0.1/jakarta.inject-api-2.0.1.jar:/home/developer/.m2/repository/io/smallrye/common/smallrye-common-os/2.3.0/smallrye-common-os-2.3.0.jar:/home/developer/.m2/repository/io/quarkus/quarkus-ide-launcher/3.11.0/quarkus-ide-launcher-3.11.0.jar:/home/developer/.m2/repository/io/quarkus/quarkus-development-mode-spi/3.11.0/quarkus-development-mode-spi-3.11.0.jar:/home/developer/.m2/repository/io/smallrye/config/smallrye-config/3.8.1/smallrye-config-3.8.1.jar:/home/developer/.m2/repository/io/smallrye/config/smallrye-config-core/3.8.1/smallrye-config-core-3.8.1.jar:/home/developer/.m2/repository/io/smallrye/common/smallrye-common-classloader/2.3.0/smallrye-common-classloader-2.3.0.jar:/home/developer/.m2/repository/io/smallrye/config/smallrye-config-common/3.8.1/smallrye-config-common-3.8.1.jar:/home/developer/.m2/repository/org/jboss/logmanager/jboss-logmanager/3.0.6.Final/jboss-logmanager-3.0.6.Final.jar:/home/developer/.m2/repository/io/smallrye/common/smallrye-common-constraint/2.3.0/smallrye-common-constraint-2.3.0.jar:/home/developer/.m2/repository/io/smallrye/common/smallrye-common-cpu/2.3.0/smallrye-common-cpu-2.3.0.jar:/home/developer/.m2/repository/io/smallrye/common/smallrye-common-expression/2.3.0/smallrye-common-expression-2.3.0.jar:/home/developer/.m2/repository/io/smallrye/common/smallrye-common-function/2.3.0/smallrye-common-function-2.3.0.jar:/home/developer/.m2/repository/io/smallrye/common/smallrye-common-net/2.3.0/smallrye-common-net-2.3.0.jar:/home/developer/.m2/repository/io/smallrye/common/smallrye-common-ref/2.3.0/smallrye-common-ref-2.3.0.jar:/home/developer/.m2/repository/jakarta/json/jakarta.json-api/2.1.3/jakarta.json-api-2.1.3.jar:/home/developer/.m2/repository/org/jboss/logging/jboss-logging-annotations/2.2.1.Final/jboss-logging-annotations-2.2.1.Final.jar:/home/developer/.m2/repository/org/jboss/threads/jboss-threads/3.6.1.Final/jboss-threads-3.6.1.Final.jar:/home/developer/.m2/repository/org/slf4j/slf4j-api/2.0.6/slf4j-api-2.0.6.jar:/home/developer/.m2/repository/org/jboss/slf4j/slf4j-jboss-logmanager/2.0.0.Final/slf4j-jboss-logmanager-2.0.0.Final.jar:/home/developer/.m2/repository/org/wildfly/common/wildfly-common/1.7.0.Final/wildfly-common-1.7.0.Final.jar:/home/developer/.m2/repository/io/quarkus/quarkus-bootstrap-runner/3.11.0/quarkus-bootstrap-runner-3.11.0.jar:/home/developer/.m2/repository/io/quarkus/quarkus-fs-util/0.0.10/quarkus-fs-util-0.0.10.jar:/home/developer/.m2/repository/io/quarkus/quarkus-vertx-http/3.11.0/quarkus-vertx-http-3.11.0.jar:/home/developer/.m2/repository/io/quarkus/quarkus-security-runtime-spi/3.11.0/quarkus-security-runtime-spi-3.11.0.jar:/home/developer/.m2/repository/io/quarkus/quarkus-credentials/3.11.0/quarkus-credentials-3.11.0.jar:/home/developer/.m2/repository/io/quarkus/quarkus-mutiny/3.11.0/quarkus-mutiny-3.11.0.jar:/home/developer/.m2/repository/io/quarkus/quarkus-smallrye-context-propagation/3.11.0/quarkus-smallrye-context-propagation-3.11.0.jar:/home/developer/.m2/repository/io/smallrye/smallrye-context-propagation/2.1.0/smallrye-context-propagation-2.1.0.jar:/home/developer/.m2/repository/io/smallrye/smallrye-context-propagation-api/2.1.0/smallrye-context-propagation-api-2.1.0.jar:/home/developer/.m2/repository/io/smallrye/smallrye-context-propagation-storage/2.1.0/smallrye-context-propagation-storage-2.1.0.jar:/home/developer/.m2/repository/io/smallrye/reactive/mutiny-smallrye-context-propagation/2.6.0/mutiny-smallrye-context-propagation-2.6.0.jar:/home/developer/.m2/repository/io/smallrye/common/smallrye-common-vertx-context/2.3.0/smallrye-common-vertx-context-2.3.0.jar:/home/developer/.m2/repository/io/quarkus/security/quarkus-security/2.0.3.Final/quarkus-security-2.0.3.Final.jar:/home/developer/.m2/repository/io/quarkus/quarkus-vertx/3.11.0/quarkus-vertx-3.11.0.jar:/home/developer/.m2/repository/io/quarkus/quarkus-netty/3.11.0/quarkus-netty-3.11.0.jar:/home/developer/.m2/repository/io/netty/netty-codec/4.1.108.Final/netty-codec-4.1.108.Final.jar:/home/developer/.m2/repository/com/aayushatharva/brotli4j/brotli4j/1.16.0/brotli4j-1.16.0.jar:/home/developer/.m2/repository/com/aayushatharva/brotli4j/service/1.16.0/service-1.16.0.jar:/home/developer/.m2/repository/com/aayushatharva/brotli4j/native-linux-x86_64/1.16.0/native-linux-x86_64-1.16.0.jar:/home/developer/.m2/repository/io/netty/netty-codec-haproxy/4.1.108.Final/netty-codec-haproxy-4.1.108.Final.jar:/home/developer/.m2/repository/io/smallrye/common/smallrye-common-annotation/2.3.0/smallrye-common-annotation-2.3.0.jar:/home/developer/.m2/repository/io/quarkus/quarkus-vertx-latebound-mdc-provider/3.11.0/quarkus-vertx-latebound-mdc-provider-3.11.0.jar:/home/developer/.m2/repository/io/smallrye/smallrye-fault-tolerance-vertx/6.3.0/smallrye-fault-tolerance-vertx-6.3.0.jar:/home/developer/.m2/repository/io/smallrye/reactive/smallrye-mutiny-vertx-web/3.12.0/smallrye-mutiny-vertx-web-3.12.0.jar:/home/developer/.m2/repository/io/smallrye/reactive/smallrye-mutiny-vertx-web-common/3.12.0/smallrye-mutiny-vertx-web-common-3.12.0.jar:/home/developer/.m2/repository/io/smallrye/reactive/smallrye-mutiny-vertx-auth-common/3.12.0/smallrye-mutiny-vertx-auth-common-3.12.0.jar:/home/developer/.m2/repository/io/smallrye/reactive/smallrye-mutiny-vertx-bridge-common/3.12.0/smallrye-mutiny-vertx-bridge-common-3.12.0.jar:/home/developer/.m2/repository/io/smallrye/reactive/smallrye-mutiny-vertx-uri-template/3.12.0/smallrye-mutiny-vertx-uri-template-3.12.0.jar:/home/developer/.m2/repository/io/vertx/vertx-uri-template/4.5.7/vertx-uri-template-4.5.7.jar:/home/developer/.m2/repository/io/vertx/vertx-web/4.5.7/vertx-web-4.5.7.jar:/home/developer/.m2/repository/io/vertx/vertx-web-common/4.5.7/vertx-web-common-4.5.7.jar:/home/developer/.m2/repository/io/vertx/vertx-auth-common/4.5.7/vertx-auth-common-4.5.7.jar:/home/developer/.m2/repository/io/vertx/vertx-bridge-common/4.5.7/vertx-bridge-common-4.5.7.jar:/home/developer/.m2/repository/io/github/crac/org-crac/0.1.3/org-crac-0.1.3.jar:/home/developer/.m2/repository/io/quarkus/quarkus-swagger-ui/3.11.0/quarkus-swagger-ui-3.11.0.jar:/home/developer/.m2/repository/io/quarkus/quarkus-rest-jackson/3.11.0/quarkus-rest-jackson-3.11.0.jar:/home/developer/.m2/repository/io/quarkus/quarkus-rest-jackson-common/3.11.0/quarkus-rest-jackson-common-3.11.0.jar:/home/developer/.m2/repository/io/quarkus/resteasy/reactive/resteasy-reactive-jackson/3.11.0/resteasy-reactive-jackson-3.11.0.jar:/home/developer/.m2/repository/io/quarkus/quarkus-jackson/3.11.0/quarkus-jackson-3.11.0.jar:/home/developer/.m2/repository/com/fasterxml/jackson/datatype/jackson-datatype-jsr310/2.17.1/jackson-datatype-jsr310-2.17.1.jar:/home/developer/.m2/repository/com/fasterxml/jackson/datatype/jackson-datatype-jdk8/2.17.1/jackson-datatype-jdk8-2.17.1.jar:/home/developer/.m2/repository/com/fasterxml/jackson/module/jackson-module-parameter-names/2.17.1/jackson-module-parameter-names-2.17.1.jar:/home/developer/.m2/repository/io/quarkus/quarkus-jdbc-mysql/3.11.0/quarkus-jdbc-mysql-3.11.0.jar:/home/developer/.m2/repository/com/mysql/mysql-connector-j/8.3.0/mysql-connector-j-8.3.0.jar:/home/developer/.m2/repository/io/quarkus/quarkus-arc/3.11.0/quarkus-arc-3.11.0.jar:/home/developer/.m2/repository/io/quarkus/arc/arc/3.11.0/arc-3.11.0.jar:/home/developer/.m2/repository/jakarta/transaction/jakarta.transaction-api/2.0.1/jakarta.transaction-api-2.0.1.jar:/home/developer/.m2/repository/io/smallrye/reactive/mutiny/2.6.0/mutiny-2.6.0.jar:/home/developer/.m2/repository/org/jctools/jctools-core/4.0.3/jctools-core-4.0.3.jar:/home/developer/.m2/repository/org/eclipse/microprofile/context-propagation/microprofile-context-propagation-api/1.3/microprofile-context-propagation-api-1.3.jar:/home/developer/.m2/repository/io/quarkus/quarkus-rest/3.11.0/quarkus-rest-3.11.0.jar:/home/developer/.m2/repository/io/quarkus/quarkus-rest-common/3.11.0/quarkus-rest-common-3.11.0.jar:/home/developer/.m2/repository/io/quarkus/resteasy/reactive/resteasy-reactive-common/3.11.0/resteasy-reactive-common-3.11.0.jar:/home/developer/.m2/repository/io/quarkus/resteasy/reactive/resteasy-reactive-common-types/3.11.0/resteasy-reactive-common-types-3.11.0.jar:/home/developer/.m2/repository/org/reactivestreams/reactive-streams/1.0.4/reactive-streams-1.0.4.jar:/home/developer/.m2/repository/io/smallrye/reactive/mutiny-zero-flow-adapters/1.1.0/mutiny-zero-flow-adapters-1.1.0.jar:/home/developer/.m2/repository/io/quarkus/resteasy/reactive/resteasy-reactive-vertx/3.11.0/resteasy-reactive-vertx-3.11.0.jar:/home/developer/.m2/repository/io/smallrye/reactive/smallrye-mutiny-vertx-core/3.12.0/smallrye-mutiny-vertx-core-3.12.0.jar:/home/developer/.m2/repository/io/smallrye/reactive/smallrye-mutiny-vertx-runtime/3.12.0/smallrye-mutiny-vertx-runtime-3.12.0.jar:/home/developer/.m2/repository/io/smallrye/reactive/vertx-mutiny-generator/3.12.0/vertx-mutiny-generator-3.12.0.jar:/home/developer/.m2/repository/io/vertx/vertx-codegen/4.5.7/vertx-codegen-4.5.7.jar:/home/developer/.m2/repository/io/quarkus/resteasy/reactive/resteasy-reactive/3.11.0/resteasy-reactive-3.11.0.jar:/home/developer/.m2/repository/org/jboss/logging/commons-logging-jboss-logging/1.0.0.Final/commons-logging-jboss-logging-1.0.0.Final.jar:/home/developer/.m2/repository/jakarta/xml/bind/jakarta.xml.bind-api/4.0.2/jakarta.xml.bind-api-4.0.2.jar:/home/developer/.m2/repository/jakarta/activation/jakarta.activation-api/2.1.3/jakarta.activation-api-2.1.3.jar:/home/developer/.m2/repository/io/quarkus/quarkus-jsonp/3.11.0/quarkus-jsonp-3.11.0.jar:/home/developer/.m2/repository/org/eclipse/parsson/parsson/1.1.6/parsson-1.1.6.jar:/home/developer/.m2/repository/io/quarkus/quarkus-virtual-threads/3.11.0/quarkus-virtual-threads-3.11.0.jar:/home/developer/.m2/repository/io/vertx/vertx-core/4.5.7/vertx-core-4.5.7.jar:/home/developer/.m2/repository/io/netty/netty-common/4.1.108.Final/netty-common-4.1.108.Final.jar:/home/developer/.m2/repository/io/netty/netty-buffer/4.1.108.Final/netty-buffer-4.1.108.Final.jar:/home/developer/.m2/repository/io/netty/netty-transport/4.1.108.Final/netty-transport-4.1.108.Final.jar:/home/developer/.m2/repository/io/netty/netty-handler/4.1.108.Final/netty-handler-4.1.108.Final.jar:/home/developer/.m2/repository/io/netty/netty-transport-native-unix-common/4.1.108.Final/netty-transport-native-unix-common-4.1.108.Final.jar:/home/developer/.m2/repository/io/netty/netty-handler-proxy/4.1.108.Final/netty-handler-proxy-4.1.108.Final.jar:/home/developer/.m2/repository/io/netty/netty-codec-socks/4.1.108.Final/netty-codec-socks-4.1.108.Final.jar:/home/developer/.m2/repository/io/netty/netty-codec-http/4.1.108.Final/netty-codec-http-4.1.108.Final.jar:/home/developer/.m2/repository/io/netty/netty-codec-http2/4.1.108.Final/netty-codec-http2-4.1.108.Final.jar:/home/developer/.m2/repository/io/netty/netty-resolver/4.1.108.Final/netty-resolver-4.1.108.Final.jar:/home/developer/.m2/repository/io/netty/netty-resolver-dns/4.1.108.Final/netty-resolver-dns-4.1.108.Final.jar:/home/developer/.m2/repository/io/netty/netty-codec-dns/4.1.108.Final/netty-codec-dns-4.1.108.Final.jar:/home/developer/.m2/repository/io/quarkus/quarkus-junit5/3.11.0/quarkus-junit5-3.11.0.jar:/home/developer/.m2/repository/io/quarkus/quarkus-bootstrap-core/3.11.0/quarkus-bootstrap-core-3.11.0.jar:/home/developer/.m2/repository/io/quarkus/quarkus-classloader-commons/3.11.0/quarkus-classloader-commons-3.11.0.jar:/home/developer/.m2/repository/io/quarkus/quarkus-bootstrap-app-model/3.11.0/quarkus-bootstrap-app-model-3.11.0.jar:/home/developer/.m2/repository/io/smallrye/common/smallrye-common-io/2.3.0/smallrye-common-io-2.3.0.jar:/home/developer/.m2/repository/org/eclipse/sisu/org.eclipse.sisu.inject/0.9.0.M2/org.eclipse.sisu.inject-0.9.0.M2.jar:/home/developer/.m2/repository/io/quarkus/quarkus-test-common/3.11.0/quarkus-test-common-3.11.0.jar:/home/developer/.m2/repository/io/quarkus/quarkus-core-deployment/3.11.0/quarkus-core-deployment-3.11.0.jar:/home/developer/.m2/repository/org/aesh/readline/2.4/readline-2.4.jar:/home/developer/.m2/repository/org/fusesource/jansi/jansi/2.4.0/jansi-2.4.0.jar:/home/developer/.m2/repository/org/aesh/aesh/2.7/aesh-2.7.jar:/home/developer/.m2/repository/io/quarkus/gizmo/gizmo/1.8.0/gizmo-1.8.0.jar:/home/developer/.m2/repository/org/ow2/asm/asm-util/9.7/asm-util-9.7.jar:/home/developer/.m2/repository/org/ow2/asm/asm-analysis/9.7/asm-analysis-9.7.jar:/home/developer/.m2/repository/org/ow2/asm/asm/9.7/asm-9.7.jar:/home/developer/.m2/repository/org/ow2/asm/asm-commons/9.7/asm-commons-9.7.jar:/home/developer/.m2/repository/org/ow2/asm/asm-tree/9.7/asm-tree-9.7.jar:/home/developer/.m2/repository/io/quarkus/quarkus-hibernate-validator-spi/3.11.0/quarkus-hibernate-validator-spi-3.11.0.jar:/home/developer/.m2/repository/io/quarkus/quarkus-class-change-agent/3.11.0/quarkus-class-change-agent-3.11.0.jar:/home/developer/.m2/repository/io/quarkus/quarkus-devtools-utilities/3.11.0/quarkus-devtools-utilities-3.11.0.jar:/home/developer/.m2/repository/io/quarkus/quarkus-builder/3.11.0/quarkus-builder-3.11.0.jar:/home/developer/.m2/repository/org/graalvm/sdk/nativeimage/23.1.2/nativeimage-23.1.2.jar:/home/developer/.m2/repository/org/graalvm/sdk/word/23.1.2/word-23.1.2.jar:/home/developer/.m2/repository/org/junit/platform/junit-platform-launcher/1.10.2/junit-platform-launcher-1.10.2.jar:/home/developer/.m2/repository/io/quarkus/quarkus-bootstrap-maven-resolver/3.11.0/quarkus-bootstrap-maven-resolver-3.11.0.jar:/home/developer/.m2/repository/io/smallrye/beanbag/smallrye-beanbag-maven/1.4.1/smallrye-beanbag-maven-1.4.1.jar:/home/developer/.m2/repository/io/smallrye/beanbag/smallrye-beanbag-sisu/1.4.1/smallrye-beanbag-sisu-1.4.1.jar:/home/developer/.m2/repository/io/smallrye/beanbag/smallrye-beanbag/1.4.1/smallrye-beanbag-1.4.1.jar:/home/developer/.m2/repository/javax/inject/javax.inject/1/javax.inject-1.jar:/home/developer/.m2/repository/org/apache/maven/maven-artifact/3.9.6/maven-artifact-3.9.6.jar:/home/developer/.m2/repository/org/apache/maven/maven-builder-support/3.9.6/maven-builder-support-3.9.6.jar:/home/developer/.m2/repository/org/apache/maven/maven-model/3.9.6/maven-model-3.9.6.jar:/home/developer/.m2/repository/org/apache/maven/maven-model-builder/3.9.6/maven-model-builder-3.9.6.jar:/home/developer/.m2/repository/org/apache/maven/maven-repository-metadata/3.9.6/maven-repository-metadata-3.9.6.jar:/home/developer/.m2/repository/org/apache/maven/maven-settings/3.9.6/maven-settings-3.9.6.jar:/home/developer/.m2/repository/org/apache/maven/resolver/maven-resolver-api/1.9.18/maven-resolver-api-1.9.18.jar:/home/developer/.m2/repository/org/apache/maven/resolver/maven-resolver-impl/1.9.18/maven-resolver-impl-1.9.18.jar:/home/developer/.m2/repository/org/apache/maven/resolver/maven-resolver-named-locks/1.9.18/maven-resolver-named-locks-1.9.18.jar:/home/developer/.m2/repository/org/apache/maven/resolver/maven-resolver-spi/1.9.18/maven-resolver-spi-1.9.18.jar:/home/developer/.m2/repository/org/apache/maven/resolver/maven-resolver-util/1.9.18/maven-resolver-util-1.9.18.jar:/home/developer/.m2/repository/org/apache/maven/resolver/maven-resolver-transport-http/1.9.18/maven-resolver-transport-http-1.9.18.jar:/home/developer/.m2/repository/org/apache/maven/wagon/wagon-provider-api/3.5.3/wagon-provider-api-3.5.3.jar:/home/developer/.m2/repository/org/apache/maven/wagon/wagon-http-shared/3.5.3/wagon-http-shared-3.5.3.jar:/home/developer/.m2/repository/org/codehaus/plexus/plexus-interpolation/1.26/plexus-interpolation-1.26.jar:/home/developer/.m2/repository/org/codehaus/plexus/plexus-utils/3.5.1/plexus-utils-3.5.1.jar:/home/developer/.m2/repository/org/codehaus/plexus/plexus-xml/4.0.0/plexus-xml-4.0.0.jar:/home/developer/.m2/repository/org/apache/maven/maven-xml-impl/4.0.0-alpha-5/maven-xml-impl-4.0.0-alpha-5.jar:/home/developer/.m2/repository/org/apache/maven/maven-api-xml/4.0.0-alpha-5/maven-api-xml-4.0.0-alpha-5.jar:/home/developer/.m2/repository/org/apache/maven/maven-api-meta/4.0.0-alpha-5/maven-api-meta-4.0.0-alpha-5.jar:/home/developer/.m2/repository/org/codehaus/plexus/plexus-cipher/2.0/plexus-cipher-2.0.jar:/home/developer/.m2/repository/org/codehaus/plexus/plexus-sec-dispatcher/2.0/plexus-sec-dispatcher-2.0.jar:/home/developer/.m2/repository/org/apache/maven/maven-embedder/3.9.6/maven-embedder-3.9.6.jar:/home/developer/.m2/repository/org/apache/maven/maven-core/3.9.6/maven-core-3.9.6.jar:/home/developer/.m2/repository/org/codehaus/plexus/plexus-component-annotations/2.1.0/plexus-component-annotations-2.1.0.jar:/home/developer/.m2/repository/org/apache/maven/maven-plugin-api/3.9.6/maven-plugin-api-3.9.6.jar:/home/developer/.m2/repository/org/apache/maven/shared/maven-shared-utils/3.3.4/maven-shared-utils-3.3.4.jar:/home/developer/.m2/repository/com/google/inject/guice/5.1.0/guice-5.1.0.jar:/home/developer/.m2/repository/aopalliance/aopalliance/1.0/aopalliance-1.0.jar:/home/developer/.m2/repository/com/google/guava/guava/33.2.0-jre/guava-33.2.0-jre.jar:/home/developer/.m2/repository/com/google/guava/failureaccess/1.0.1/failureaccess-1.0.1.jar:/home/developer/.m2/repository/javax/annotation/javax.annotation-api/1.3.2/javax.annotation-api-1.3.2.jar:/home/developer/.m2/repository/org/codehaus/plexus/plexus-classworlds/2.6.0/plexus-classworlds-2.6.0.jar:/home/developer/.m2/repository/commons-cli/commons-cli/1.5.0/commons-cli-1.5.0.jar:/home/developer/.m2/repository/org/eclipse/sisu/org.eclipse.sisu.plexus/0.9.0.M2/org.eclipse.sisu.plexus-0.9.0.M2.jar:/home/developer/.m2/repository/org/apache/maven/maven-settings-builder/3.9.6/maven-settings-builder-3.9.6.jar:/home/developer/.m2/repository/org/apache/maven/maven-resolver-provider/3.9.6/maven-resolver-provider-3.9.6.jar:/home/developer/.m2/repository/org/apache/maven/resolver/maven-resolver-connector-basic/1.9.18/maven-resolver-connector-basic-1.9.18.jar:/home/developer/.m2/repository/org/apache/maven/resolver/maven-resolver-transport-wagon/1.9.18/maven-resolver-transport-wagon-1.9.18.jar:/home/developer/.m2/repository/org/apache/maven/wagon/wagon-http/3.5.3/wagon-http-3.5.3.jar:/home/developer/.m2/repository/org/apache/maven/wagon/wagon-file/3.5.3/wagon-file-3.5.3.jar:/home/developer/.m2/repository/io/quarkus/quarkus-bootstrap-gradle-resolver/3.11.0/quarkus-bootstrap-gradle-resolver-3.11.0.jar:/home/developer/.m2/repository/commons-io/commons-io/2.16.1/commons-io-2.16.1.jar:/home/developer/.m2/repository/io/quarkus/quarkus-junit5-properties/3.11.0/quarkus-junit5-properties-3.11.0.jar:/home/developer/.m2/repository/org/junit/jupiter/junit-jupiter/5.10.2/junit-jupiter-5.10.2.jar:/home/developer/.m2/repository/org/junit/jupiter/junit-jupiter-api/5.10.2/junit-jupiter-api-5.10.2.jar:/home/developer/.m2/repository/org/opentest4j/opentest4j/1.3.0/opentest4j-1.3.0.jar:/home/developer/.m2/repository/org/junit/platform/junit-platform-commons/1.10.2/junit-platform-commons-1.10.2.jar:/home/developer/.m2/repository/org/apiguardian/apiguardian-api/1.1.2/apiguardian-api-1.1.2.jar:/home/developer/.m2/repository/org/junit/jupiter/junit-jupiter-params/5.10.2/junit-jupiter-params-5.10.2.jar:/home/developer/.m2/repository/org/junit/jupiter/junit-jupiter-engine/5.10.2/junit-jupiter-engine-5.10.2.jar:/home/developer/.m2/repository/org/junit/platform/junit-platform-engine/1.10.2/junit-platform-engine-1.10.2.jar:/home/developer/.m2/repository/com/thoughtworks/xstream/xstream/1.4.20/xstream-1.4.20.jar:/home/developer/.m2/repository/io/github/x-stream/mxparser/1.2.2/mxparser-1.2.2.jar:/home/developer/.m2/repository/xmlpull/xmlpull/1.1.3.1/xmlpull-1.1.3.1.jar:/home/developer/.m2/repository/io/rest-assured/rest-assured/5.4.0/rest-assured-5.4.0.jar:/home/developer/.m2/repository/org/apache/groovy/groovy/4.0.16/groovy-4.0.16.jar:/home/developer/.m2/repository/org/apache/groovy/groovy-xml/4.0.16/groovy-xml-4.0.16.jar:/home/developer/.m2/repository/org/apache/httpcomponents/httpclient/4.5.14/httpclient-4.5.14.jar:/home/developer/.m2/repository/org/apache/httpcomponents/httpcore/4.4.16/httpcore-4.4.16.jar:/home/developer/.m2/repository/commons-codec/commons-codec/1.17.0/commons-codec-1.17.0.jar:/home/developer/.m2/repository/org/apache/httpcomponents/httpmime/4.5.14/httpmime-4.5.14.jar:/home/developer/.m2/repository/org/hamcrest/hamcrest/2.2/hamcrest-2.2.jar:/home/developer/.m2/repository/org/ccil/cowan/tagsoup/tagsoup/1.2.1/tagsoup-1.2.1.jar:/home/developer/.m2/repository/io/rest-assured/json-path/5.4.0/json-path-5.4.0.jar:/home/developer/.m2/repository/org/apache/groovy/groovy-json/4.0.16/groovy-json-4.0.16.jar:/home/developer/.m2/repository/io/rest-assured/rest-assured-common/5.4.0/rest-assured-common-5.4.0.jar:/home/developer/.m2/repository/io/rest-assured/xml-path/5.4.0/xml-path-5.4.0.jar:/home/developer/.m2/repository/org/apache/commons/commons-lang3/3.14.0/commons-lang3-3.14.0.jar:"/>
    <property name="java.vm.vendor" value="Private Build"/>
    <property name="sun.arch.data.model" value="64"/>
    <property name="java.vendor.url" value="Unknown"/>
    <property name="user.timezone" value="Asia/Kolkata"/>
    <property name="logging.initial-configurator.min-level" value="500"/>
    <property name="os.name" value="Linux"/>
    <property name="java.vm.specification.version" value="21"/>
    <property name="sun.java.launcher" value="SUN_STANDARD"/>
    <property name="user.country" value="US"/>
    <property name="groovy.use.classvalue" value="false"/>
    <property name="mp.openapi.extensions.smallrye.defaultProduces" value="application/json"/>
    <property name="sun.boot.library.path" value="/usr/lib/jvm/java-21-openjdk-amd64/lib"/>
    <property name="sun.java.command" value="/home/developer/Documents/rm/target/surefire/surefirebooter-20240601073336594_3.jar /home/developer/Documents/rm/target/surefire 2024-06-01T07-33-36_479-jvmRun1 surefire-20240601073336594_1tmp surefire_0-20240601073336594_2tmp"/>
    <property name="jdk.debug" value="release"/>
    <property name="maven.home" value="/home/developer/.m2/wrapper/dists/apache-maven-3.9.6-bin/3311e1d4/apache-maven-3.9.6"/>
    <property name="surefire.test.class.path" value="/home/developer/Documents/rm/target/test-classes:/home/developer/Documents/rm/target/classes:/home/developer/.m2/repository/io/quarkus/quarkus-hibernate-orm-rest-data-panache/3.11.0/quarkus-hibernate-orm-rest-data-panache-3.11.0.jar:/home/developer/.m2/repository/io/quarkus/quarkus-rest-data-panache/3.11.0/quarkus-rest-data-panache-3.11.0.jar:/home/developer/.m2/repository/io/quarkus/quarkus-panache-common/3.11.0/quarkus-panache-common-3.11.0.jar:/home/developer/.m2/repository/io/quarkus/quarkus-hal/3.11.0/quarkus-hal-3.11.0.jar:/home/developer/.m2/repository/jakarta/ws/rs/jakarta.ws.rs-api/3.1.0/jakarta.ws.rs-api-3.1.0.jar:/home/developer/.m2/repository/jakarta/validation/jakarta.validation-api/3.0.2/jakarta.validation-api-3.0.2.jar:/home/developer/.m2/repository/io/quarkus/quarkus-hibernate-orm-panache/3.11.0/quarkus-hibernate-orm-panache-3.11.0.jar:/home/developer/.m2/repository/io/quarkus/quarkus-hibernate-orm/3.11.0/quarkus-hibernate-orm-3.11.0.jar:/home/developer/.m2/repository/io/quarkus/quarkus-agroal/3.11.0/quarkus-agroal-3.11.0.jar:/home/developer/.m2/repository/io/quarkus/quarkus-datasource/3.11.0/quarkus-datasource-3.11.0.jar:/home/developer/.m2/repository/io/agroal/agroal-api/2.3/agroal-api-2.3.jar:/home/developer/.m2/repository/io/agroal/agroal-narayana/2.3/agroal-narayana-2.3.jar:/home/developer/.m2/repository/org/jboss/jboss-transaction-spi/8.0.0.Final/jboss-transaction-spi-8.0.0.Final.jar:/home/developer/.m2/repository/io/agroal/agroal-pool/2.3/agroal-pool-2.3.jar:/home/developer/.m2/repository/io/quarkus/quarkus-narayana-jta/3.11.0/quarkus-narayana-jta-3.11.0.jar:/home/developer/.m2/repository/io/quarkus/quarkus-transaction-annotations/3.11.0/quarkus-transaction-annotations-3.11.0.jar:/home/developer/.m2/repository/io/quarkus/quarkus-datasource-common/3.11.0/quarkus-datasource-common-3.11.0.jar:/home/developer/.m2/repository/io/smallrye/smallrye-context-propagation-jta/2.1.0/smallrye-context-propagation-jta-2.1.0.jar:/home/developer/.m2/repository/io/smallrye/reactive/smallrye-reactive-converter-api/3.0.1/smallrye-reactive-converter-api-3.0.1.jar:/home/developer/.m2/repository/io/smallrye/reactive/smallrye-reactive-converter-mutiny/3.0.1/smallrye-reactive-converter-mutiny-3.0.1.jar:/home/developer/.m2/repository/org/jboss/narayana/jta/narayana-jta/7.0.1.Final/narayana-jta-7.0.1.Final.jar:/home/developer/.m2/repository/jakarta/resource/jakarta.resource-api/2.1.0/jakarta.resource-api-2.1.0.jar:/home/developer/.m2/repository/org/jboss/invocation/jboss-invocation/2.0.0.Final/jboss-invocation-2.0.0.Final.jar:/home/developer/.m2/repository/org/eclipse/microprofile/reactive-streams-operators/microprofile-reactive-streams-operators-api/3.0/microprofile-reactive-streams-operators-api-3.0.jar:/home/developer/.m2/repository/org/jboss/narayana/jts/narayana-jts-integration/7.0.1.Final/narayana-jts-integration-7.0.1.Final.jar:/home/developer/.m2/repository/org/hibernate/orm/hibernate-core/6.5.2.Final/hibernate-core-6.5.2.Final.jar:/home/developer/.m2/repository/com/fasterxml/classmate/1.7.0/classmate-1.7.0.jar:/home/developer/.m2/repository/org/antlr/antlr4-runtime/4.13.0/antlr4-runtime-4.13.0.jar:/home/developer/.m2/repository/net/bytebuddy/byte-buddy/1.14.15/byte-buddy-1.14.15.jar:/home/developer/.m2/repository/org/hibernate/common/hibernate-commons-annotations/6.0.6.Final/hibernate-commons-annotations-6.0.6.Final.jar:/home/developer/.m2/repository/org/hibernate/orm/hibernate-graalvm/6.5.2.Final/hibernate-graalvm-6.5.2.Final.jar:/home/developer/.m2/repository/org/glassfish/jaxb/jaxb-runtime/4.0.5/jaxb-runtime-4.0.5.jar:/home/developer/.m2/repository/org/glassfish/jaxb/jaxb-core/4.0.5/jaxb-core-4.0.5.jar:/home/developer/.m2/repository/org/eclipse/angus/angus-activation/2.0.2/angus-activation-2.0.2.jar:/home/developer/.m2/repository/org/glassfish/jaxb/txw2/4.0.5/txw2-4.0.5.jar:/home/developer/.m2/repository/com/sun/istack/istack-commons-runtime/4.1.2/istack-commons-runtime-4.1.2.jar:/home/developer/.m2/repository/jakarta/persistence/jakarta.persistence-api/3.1.0/jakarta.persistence-api-3.1.0.jar:/home/developer/.m2/repository/org/hibernate/quarkus-local-cache/0.3.0/quarkus-local-cache-0.3.0.jar:/home/developer/.m2/repository/io/quarkus/quarkus-caffeine/3.11.0/quarkus-caffeine-3.11.0.jar:/home/developer/.m2/repository/com/github/ben-manes/caffeine/caffeine/3.1.5/caffeine-3.1.5.jar:/home/developer/.m2/repository/com/google/errorprone/error_prone_annotations/2.27.1/error_prone_annotations-2.27.1.jar:/home/developer/.m2/repository/io/quarkus/quarkus-hibernate-orm-panache-common/3.11.0/quarkus-hibernate-orm-panache-common-3.11.0.jar:/home/developer/.m2/repository/io/quarkus/quarkus-panache-hibernate-common/3.11.0/quarkus-panache-hibernate-common-3.11.0.jar:/home/developer/.m2/repository/io/quarkus/quarkus-smallrye-openapi/3.11.0/quarkus-smallrye-openapi-3.11.0.jar:/home/developer/.m2/repository/io/smallrye/smallrye-open-api-core/3.10.0/smallrye-open-api-core-3.10.0.jar:/home/developer/.m2/repository/org/eclipse/microprofile/openapi/microprofile-openapi-api/3.1.1/microprofile-openapi-api-3.1.1.jar:/home/developer/.m2/repository/org/eclipse/microprofile/config/microprofile-config-api/3.1/microprofile-config-api-3.1.jar:/home/developer/.m2/repository/com/fasterxml/jackson/core/jackson-core/2.17.1/jackson-core-2.17.1.jar:/home/developer/.m2/repository/com/fasterxml/jackson/core/jackson-databind/2.17.1/jackson-databind-2.17.1.jar:/home/developer/.m2/repository/com/fasterxml/jackson/core/jackson-annotations/2.17.1/jackson-annotations-2.17.1.jar:/home/developer/.m2/repository/com/fasterxml/jackson/dataformat/jackson-dataformat-yaml/2.17.1/jackson-dataformat-yaml-2.17.1.jar:/home/developer/.m2/repository/org/yaml/snakeyaml/2.2/snakeyaml-2.2.jar:/home/developer/.m2/repository/io/smallrye/jandex/3.1.8/jandex-3.1.8.jar:/home/developer/.m2/repository/org/jboss/logging/jboss-logging/3.5.3.Final/jboss-logging-3.5.3.Final.jar:/home/developer/.m2/repository/io/quarkus/quarkus-core/3.11.0/quarkus-core-3.11.0.jar:/home/developer/.m2/repository/jakarta/annotation/jakarta.annotation-api/3.0.0/jakarta.annotation-api-3.0.0.jar:/home/developer/.m2/repository/jakarta/enterprise/jakarta.enterprise.cdi-api/4.1.0/jakarta.enterprise.cdi-api-4.1.0.jar:/home/developer/.m2/repository/jakarta/enterprise/jakarta.enterprise.lang-model/4.1.0/jakarta.enterprise.lang-model-4.1.0.jar:/home/developer/.m2/repository/jakarta/el/jakarta.el-api/5.0.1/jakarta.el-api-5.0.1.jar:/home/developer/.m2/repository/jakarta/interceptor/jakarta.interceptor-api/2.2.0/jakarta.interceptor-api-2.2.0.jar:/home/developer/.m2/repository/jakarta/inject/jakarta.inject-api/2.0.1/jakarta.inject-api-2.0.1.jar:/home/developer/.m2/repository/io/smallrye/common/smallrye-common-os/2.3.0/smallrye-common-os-2.3.0.jar:/home/developer/.m2/repository/io/quarkus/quarkus-ide-launcher/3.11.0/quarkus-ide-launcher-3.11.0.jar:/home/developer/.m2/repository/io/quarkus/quarkus-development-mode-spi/3.11.0/quarkus-development-mode-spi-3.11.0.jar:/home/developer/.m2/repository/io/smallrye/config/smallrye-config/3.8.1/smallrye-config-3.8.1.jar:/home/developer/.m2/repository/io/smallrye/config/smallrye-config-core/3.8.1/smallrye-config-core-3.8.1.jar:/home/developer/.m2/repository/io/smallrye/common/smallrye-common-classloader/2.3.0/smallrye-common-classloader-2.3.0.jar:/home/developer/.m2/repository/io/smallrye/config/smallrye-config-common/3.8.1/smallrye-config-common-3.8.1.jar:/home/developer/.m2/repository/org/jboss/logmanager/jboss-logmanager/3.0.6.Final/jboss-logmanager-3.0.6.Final.jar:/home/developer/.m2/repository/io/smallrye/common/smallrye-common-constraint/2.3.0/smallrye-common-constraint-2.3.0.jar:/home/developer/.m2/repository/io/smallrye/common/smallrye-common-cpu/2.3.0/smallrye-common-cpu-2.3.0.jar:/home/developer/.m2/repository/io/smallrye/common/smallrye-common-expression/2.3.0/smallrye-common-expression-2.3.0.jar:/home/developer/.m2/repository/io/smallrye/common/smallrye-common-function/2.3.0/smallrye-common-function-2.3.0.jar:/home/developer/.m2/repository/io/smallrye/common/smallrye-common-net/2.3.0/smallrye-common-net-2.3.0.jar:/home/developer/.m2/repository/io/smallrye/common/smallrye-common-ref/2.3.0/smallrye-common-ref-2.3.0.jar:/home/developer/.m2/repository/jakarta/json/jakarta.json-api/2.1.3/jakarta.json-api-2.1.3.jar:/home/developer/.m2/repository/org/jboss/logging/jboss-logging-annotations/2.2.1.Final/jboss-logging-annotations-2.2.1.Final.jar:/home/developer/.m2/repository/org/jboss/threads/jboss-threads/3.6.1.Final/jboss-threads-3.6.1.Final.jar:/home/developer/.m2/repository/org/slf4j/slf4j-api/2.0.6/slf4j-api-2.0.6.jar:/home/developer/.m2/repository/org/jboss/slf4j/slf4j-jboss-logmanager/2.0.0.Final/slf4j-jboss-logmanager-2.0.0.Final.jar:/home/developer/.m2/repository/org/wildfly/common/wildfly-common/1.7.0.Final/wildfly-common-1.7.0.Final.jar:/home/developer/.m2/repository/io/quarkus/quarkus-bootstrap-runner/3.11.0/quarkus-bootstrap-runner-3.11.0.jar:/home/developer/.m2/repository/io/quarkus/quarkus-fs-util/0.0.10/quarkus-fs-util-0.0.10.jar:/home/developer/.m2/repository/io/quarkus/quarkus-vertx-http/3.11.0/quarkus-vertx-http-3.11.0.jar:/home/developer/.m2/repository/io/quarkus/quarkus-security-runtime-spi/3.11.0/quarkus-security-runtime-spi-3.11.0.jar:/home/developer/.m2/repository/io/quarkus/quarkus-credentials/3.11.0/quarkus-credentials-3.11.0.jar:/home/developer/.m2/repository/io/quarkus/quarkus-mutiny/3.11.0/quarkus-mutiny-3.11.0.jar:/home/developer/.m2/repository/io/quarkus/quarkus-smallrye-context-propagation/3.11.0/quarkus-smallrye-context-propagation-3.11.0.jar:/home/developer/.m2/repository/io/smallrye/smallrye-context-propagation/2.1.0/smallrye-context-propagation-2.1.0.jar:/home/developer/.m2/repository/io/smallrye/smallrye-context-propagation-api/2.1.0/smallrye-context-propagation-api-2.1.0.jar:/home/developer/.m2/repository/io/smallrye/smallrye-context-propagation-storage/2.1.0/smallrye-context-propagation-storage-2.1.0.jar:/home/developer/.m2/repository/io/smallrye/reactive/mutiny-smallrye-context-propagation/2.6.0/mutiny-smallrye-context-propagation-2.6.0.jar:/home/developer/.m2/repository/io/smallrye/common/smallrye-common-vertx-context/2.3.0/smallrye-common-vertx-context-2.3.0.jar:/home/developer/.m2/repository/io/quarkus/security/quarkus-security/2.0.3.Final/quarkus-security-2.0.3.Final.jar:/home/developer/.m2/repository/io/quarkus/quarkus-vertx/3.11.0/quarkus-vertx-3.11.0.jar:/home/developer/.m2/repository/io/quarkus/quarkus-netty/3.11.0/quarkus-netty-3.11.0.jar:/home/developer/.m2/repository/io/netty/netty-codec/4.1.108.Final/netty-codec-4.1.108.Final.jar:/home/developer/.m2/repository/com/aayushatharva/brotli4j/brotli4j/1.16.0/brotli4j-1.16.0.jar:/home/developer/.m2/repository/com/aayushatharva/brotli4j/service/1.16.0/service-1.16.0.jar:/home/developer/.m2/repository/com/aayushatharva/brotli4j/native-linux-x86_64/1.16.0/native-linux-x86_64-1.16.0.jar:/home/developer/.m2/repository/io/netty/netty-codec-haproxy/4.1.108.Final/netty-codec-haproxy-4.1.108.Final.jar:/home/developer/.m2/repository/io/smallrye/common/smallrye-common-annotation/2.3.0/smallrye-common-annotation-2.3.0.jar:/home/developer/.m2/repository/io/quarkus/quarkus-vertx-latebound-mdc-provider/3.11.0/quarkus-vertx-latebound-mdc-provider-3.11.0.jar:/home/developer/.m2/repository/io/smallrye/smallrye-fault-tolerance-vertx/6.3.0/smallrye-fault-tolerance-vertx-6.3.0.jar:/home/developer/.m2/repository/io/smallrye/reactive/smallrye-mutiny-vertx-web/3.12.0/smallrye-mutiny-vertx-web-3.12.0.jar:/home/developer/.m2/repository/io/smallrye/reactive/smallrye-mutiny-vertx-web-common/3.12.0/smallrye-mutiny-vertx-web-common-3.12.0.jar:/home/developer/.m2/repository/io/smallrye/reactive/smallrye-mutiny-vertx-auth-common/3.12.0/smallrye-mutiny-vertx-auth-common-3.12.0.jar:/home/developer/.m2/repository/io/smallrye/reactive/smallrye-mutiny-vertx-bridge-common/3.12.0/smallrye-mutiny-vertx-bridge-common-3.12.0.jar:/home/developer/.m2/repository/io/smallrye/reactive/smallrye-mutiny-vertx-uri-template/3.12.0/smallrye-mutiny-vertx-uri-template-3.12.0.jar:/home/developer/.m2/repository/io/vertx/vertx-uri-template/4.5.7/vertx-uri-template-4.5.7.jar:/home/developer/.m2/repository/io/vertx/vertx-web/4.5.7/vertx-web-4.5.7.jar:/home/developer/.m2/repository/io/vertx/vertx-web-common/4.5.7/vertx-web-common-4.5.7.jar:/home/developer/.m2/repository/io/vertx/vertx-auth-common/4.5.7/vertx-auth-common-4.5.7.jar:/home/developer/.m2/repository/io/vertx/vertx-bridge-common/4.5.7/vertx-bridge-common-4.5.7.jar:/home/developer/.m2/repository/io/github/crac/org-crac/0.1.3/org-crac-0.1.3.jar:/home/developer/.m2/repository/io/quarkus/quarkus-swagger-ui/3.11.0/quarkus-swagger-ui-3.11.0.jar:/home/developer/.m2/repository/io/quarkus/quarkus-rest-jackson/3.11.0/quarkus-rest-jackson-3.11.0.jar:/home/developer/.m2/repository/io/quarkus/quarkus-rest-jackson-common/3.11.0/quarkus-rest-jackson-common-3.11.0.jar:/home/developer/.m2/repository/io/quarkus/resteasy/reactive/resteasy-reactive-jackson/3.11.0/resteasy-reactive-jackson-3.11.0.jar:/home/developer/.m2/repository/io/quarkus/quarkus-jackson/3.11.0/quarkus-jackson-3.11.0.jar:/home/developer/.m2/repository/com/fasterxml/jackson/datatype/jackson-datatype-jsr310/2.17.1/jackson-datatype-jsr310-2.17.1.jar:/home/developer/.m2/repository/com/fasterxml/jackson/datatype/jackson-datatype-jdk8/2.17.1/jackson-datatype-jdk8-2.17.1.jar:/home/developer/.m2/repository/com/fasterxml/jackson/module/jackson-module-parameter-names/2.17.1/jackson-module-parameter-names-2.17.1.jar:/home/developer/.m2/repository/io/quarkus/quarkus-jdbc-mysql/3.11.0/quarkus-jdbc-mysql-3.11.0.jar:/home/developer/.m2/repository/com/mysql/mysql-connector-j/8.3.0/mysql-connector-j-8.3.0.jar:/home/developer/.m2/repository/io/quarkus/quarkus-arc/3.11.0/quarkus-arc-3.11.0.jar:/home/developer/.m2/repository/io/quarkus/arc/arc/3.11.0/arc-3.11.0.jar:/home/developer/.m2/repository/jakarta/transaction/jakarta.transaction-api/2.0.1/jakarta.transaction-api-2.0.1.jar:/home/developer/.m2/repository/io/smallrye/reactive/mutiny/2.6.0/mutiny-2.6.0.jar:/home/developer/.m2/repository/org/jctools/jctools-core/4.0.3/jctools-core-4.0.3.jar:/home/developer/.m2/repository/org/eclipse/microprofile/context-propagation/microprofile-context-propagation-api/1.3/microprofile-context-propagation-api-1.3.jar:/home/developer/.m2/repository/io/quarkus/quarkus-rest/3.11.0/quarkus-rest-3.11.0.jar:/home/developer/.m2/repository/io/quarkus/quarkus-rest-common/3.11.0/quarkus-rest-common-3.11.0.jar:/home/developer/.m2/repository/io/quarkus/resteasy/reactive/resteasy-reactive-common/3.11.0/resteasy-reactive-common-3.11.0.jar:/home/developer/.m2/repository/io/quarkus/resteasy/reactive/resteasy-reactive-common-types/3.11.0/resteasy-reactive-common-types-3.11.0.jar:/home/developer/.m2/repository/org/reactivestreams/reactive-streams/1.0.4/reactive-streams-1.0.4.jar:/home/developer/.m2/repository/io/smallrye/reactive/mutiny-zero-flow-adapters/1.1.0/mutiny-zero-flow-adapters-1.1.0.jar:/home/developer/.m2/repository/io/quarkus/resteasy/reactive/resteasy-reactive-vertx/3.11.0/resteasy-reactive-vertx-3.11.0.jar:/home/developer/.m2/repository/io/smallrye/reactive/smallrye-mutiny-vertx-core/3.12.0/smallrye-mutiny-vertx-core-3.12.0.jar:/home/developer/.m2/repository/io/smallrye/reactive/smallrye-mutiny-vertx-runtime/3.12.0/smallrye-mutiny-vertx-runtime-3.12.0.jar:/home/developer/.m2/repository/io/smallrye/reactive/vertx-mutiny-generator/3.12.0/vertx-mutiny-generator-3.12.0.jar:/home/developer/.m2/repository/io/vertx/vertx-codegen/4.5.7/vertx-codegen-4.5.7.jar:/home/developer/.m2/repository/io/quarkus/resteasy/reactive/resteasy-reactive/3.11.0/resteasy-reactive-3.11.0.jar:/home/developer/.m2/repository/org/jboss/logging/commons-logging-jboss-logging/1.0.0.Final/commons-logging-jboss-logging-1.0.0.Final.jar:/home/developer/.m2/repository/jakarta/xml/bind/jakarta.xml.bind-api/4.0.2/jakarta.xml.bind-api-4.0.2.jar:/home/developer/.m2/repository/jakarta/activation/jakarta.activation-api/2.1.3/jakarta.activation-api-2.1.3.jar:/home/developer/.m2/repository/io/quarkus/quarkus-jsonp/3.11.0/quarkus-jsonp-3.11.0.jar:/home/developer/.m2/repository/org/eclipse/parsson/parsson/1.1.6/parsson-1.1.6.jar:/home/developer/.m2/repository/io/quarkus/quarkus-virtual-threads/3.11.0/quarkus-virtual-threads-3.11.0.jar:/home/developer/.m2/repository/io/vertx/vertx-core/4.5.7/vertx-core-4.5.7.jar:/home/developer/.m2/repository/io/netty/netty-common/4.1.108.Final/netty-common-4.1.108.Final.jar:/home/developer/.m2/repository/io/netty/netty-buffer/4.1.108.Final/netty-buffer-4.1.108.Final.jar:/home/developer/.m2/repository/io/netty/netty-transport/4.1.108.Final/netty-transport-4.1.108.Final.jar:/home/developer/.m2/repository/io/netty/netty-handler/4.1.108.Final/netty-handler-4.1.108.Final.jar:/home/developer/.m2/repository/io/netty/netty-transport-native-unix-common/4.1.108.Final/netty-transport-native-unix-common-4.1.108.Final.jar:/home/developer/.m2/repository/io/netty/netty-handler-proxy/4.1.108.Final/netty-handler-proxy-4.1.108.Final.jar:/home/developer/.m2/repository/io/netty/netty-codec-socks/4.1.108.Final/netty-codec-socks-4.1.108.Final.jar:/home/developer/.m2/repository/io/netty/netty-codec-http/4.1.108.Final/netty-codec-http-4.1.108.Final.jar:/home/developer/.m2/repository/io/netty/netty-codec-http2/4.1.108.Final/netty-codec-http2-4.1.108.Final.jar:/home/developer/.m2/repository/io/netty/netty-resolver/4.1.108.Final/netty-resolver-4.1.108.Final.jar:/home/developer/.m2/repository/io/netty/netty-resolver-dns/4.1.108.Final/netty-resolver-dns-4.1.108.Final.jar:/home/developer/.m2/repository/io/netty/netty-codec-dns/4.1.108.Final/netty-codec-dns-4.1.108.Final.jar:/home/developer/.m2/repository/io/quarkus/quarkus-junit5/3.11.0/quarkus-junit5-3.11.0.jar:/home/developer/.m2/repository/io/quarkus/quarkus-bootstrap-core/3.11.0/quarkus-bootstrap-core-3.11.0.jar:/home/developer/.m2/repository/io/quarkus/quarkus-classloader-commons/3.11.0/quarkus-classloader-commons-3.11.0.jar:/home/developer/.m2/repository/io/quarkus/quarkus-bootstrap-app-model/3.11.0/quarkus-bootstrap-app-model-3.11.0.jar:/home/developer/.m2/repository/io/smallrye/common/smallrye-common-io/2.3.0/smallrye-common-io-2.3.0.jar:/home/developer/.m2/repository/org/eclipse/sisu/org.eclipse.sisu.inject/0.9.0.M2/org.eclipse.sisu.inject-0.9.0.M2.jar:/home/developer/.m2/repository/io/quarkus/quarkus-test-common/3.11.0/quarkus-test-common-3.11.0.jar:/home/developer/.m2/repository/io/quarkus/quarkus-core-deployment/3.11.0/quarkus-core-deployment-3.11.0.jar:/home/developer/.m2/repository/org/aesh/readline/2.4/readline-2.4.jar:/home/developer/.m2/repository/org/fusesource/jansi/jansi/2.4.0/jansi-2.4.0.jar:/home/developer/.m2/repository/org/aesh/aesh/2.7/aesh-2.7.jar:/home/developer/.m2/repository/io/quarkus/gizmo/gizmo/1.8.0/gizmo-1.8.0.jar:/home/developer/.m2/repository/org/ow2/asm/asm-util/9.7/asm-util-9.7.jar:/home/developer/.m2/repository/org/ow2/asm/asm-analysis/9.7/asm-analysis-9.7.jar:/home/developer/.m2/repository/org/ow2/asm/asm/9.7/asm-9.7.jar:/home/developer/.m2/repository/org/ow2/asm/asm-commons/9.7/asm-commons-9.7.jar:/home/developer/.m2/repository/org/ow2/asm/asm-tree/9.7/asm-tree-9.7.jar:/home/developer/.m2/repository/io/quarkus/quarkus-hibernate-validator-spi/3.11.0/quarkus-hibernate-validator-spi-3.11.0.jar:/home/developer/.m2/repository/io/quarkus/quarkus-class-change-agent/3.11.0/quarkus-class-change-agent-3.11.0.jar:/home/developer/.m2/repository/io/quarkus/quarkus-devtools-utilities/3.11.0/quarkus-devtools-utilities-3.11.0.jar:/home/developer/.m2/repository/io/quarkus/quarkus-builder/3.11.0/quarkus-builder-3.11.0.jar:/home/developer/.m2/repository/org/graalvm/sdk/nativeimage/23.1.2/nativeimage-23.1.2.jar:/home/developer/.m2/repository/org/graalvm/sdk/word/23.1.2/word-23.1.2.jar:/home/developer/.m2/repository/org/junit/platform/junit-platform-launcher/1.10.2/junit-platform-launcher-1.10.2.jar:/home/developer/.m2/repository/io/quarkus/quarkus-bootstrap-maven-resolver/3.11.0/quarkus-bootstrap-maven-resolver-3.11.0.jar:/home/developer/.m2/repository/io/smallrye/beanbag/smallrye-beanbag-maven/1.4.1/smallrye-beanbag-maven-1.4.1.jar:/home/developer/.m2/repository/io/smallrye/beanbag/smallrye-beanbag-sisu/1.4.1/smallrye-beanbag-sisu-1.4.1.jar:/home/developer/.m2/repository/io/smallrye/beanbag/smallrye-beanbag/1.4.1/smallrye-beanbag-1.4.1.jar:/home/developer/.m2/repository/javax/inject/javax.inject/1/javax.inject-1.jar:/home/developer/.m2/repository/org/apache/maven/maven-artifact/3.9.6/maven-artifact-3.9.6.jar:/home/developer/.m2/repository/org/apache/maven/maven-builder-support/3.9.6/maven-builder-support-3.9.6.jar:/home/developer/.m2/repository/org/apache/maven/maven-model/3.9.6/maven-model-3.9.6.jar:/home/developer/.m2/repository/org/apache/maven/maven-model-builder/3.9.6/maven-model-builder-3.9.6.jar:/home/developer/.m2/repository/org/apache/maven/maven-repository-metadata/3.9.6/maven-repository-metadata-3.9.6.jar:/home/developer/.m2/repository/org/apache/maven/maven-settings/3.9.6/maven-settings-3.9.6.jar:/home/developer/.m2/repository/org/apache/maven/resolver/maven-resolver-api/1.9.18/maven-resolver-api-1.9.18.jar:/home/developer/.m2/repository/org/apache/maven/resolver/maven-resolver-impl/1.9.18/maven-resolver-impl-1.9.18.jar:/home/developer/.m2/repository/org/apache/maven/resolver/maven-resolver-named-locks/1.9.18/maven-resolver-named-locks-1.9.18.jar:/home/developer/.m2/repository/org/apache/maven/resolver/maven-resolver-spi/1.9.18/maven-resolver-spi-1.9.18.jar:/home/developer/.m2/repository/org/apache/maven/resolver/maven-resolver-util/1.9.18/maven-resolver-util-1.9.18.jar:/home/developer/.m2/repository/org/apache/maven/resolver/maven-resolver-transport-http/1.9.18/maven-resolver-transport-http-1.9.18.jar:/home/developer/.m2/repository/org/apache/maven/wagon/wagon-provider-api/3.5.3/wagon-provider-api-3.5.3.jar:/home/developer/.m2/repository/org/apache/maven/wagon/wagon-http-shared/3.5.3/wagon-http-shared-3.5.3.jar:/home/developer/.m2/repository/org/codehaus/plexus/plexus-interpolation/1.26/plexus-interpolation-1.26.jar:/home/developer/.m2/repository/org/codehaus/plexus/plexus-utils/3.5.1/plexus-utils-3.5.1.jar:/home/developer/.m2/repository/org/codehaus/plexus/plexus-xml/4.0.0/plexus-xml-4.0.0.jar:/home/developer/.m2/repository/org/apache/maven/maven-xml-impl/4.0.0-alpha-5/maven-xml-impl-4.0.0-alpha-5.jar:/home/developer/.m2/repository/org/apache/maven/maven-api-xml/4.0.0-alpha-5/maven-api-xml-4.0.0-alpha-5.jar:/home/developer/.m2/repository/org/apache/maven/maven-api-meta/4.0.0-alpha-5/maven-api-meta-4.0.0-alpha-5.jar:/home/developer/.m2/repository/org/codehaus/plexus/plexus-cipher/2.0/plexus-cipher-2.0.jar:/home/developer/.m2/repository/org/codehaus/plexus/plexus-sec-dispatcher/2.0/plexus-sec-dispatcher-2.0.jar:/home/developer/.m2/repository/org/apache/maven/maven-embedder/3.9.6/maven-embedder-3.9.6.jar:/home/developer/.m2/repository/org/apache/maven/maven-core/3.9.6/maven-core-3.9.6.jar:/home/developer/.m2/repository/org/codehaus/plexus/plexus-component-annotations/2.1.0/plexus-component-annotations-2.1.0.jar:/home/developer/.m2/repository/org/apache/maven/maven-plugin-api/3.9.6/maven-plugin-api-3.9.6.jar:/home/developer/.m2/repository/org/apache/maven/shared/maven-shared-utils/3.3.4/maven-shared-utils-3.3.4.jar:/home/developer/.m2/repository/com/google/inject/guice/5.1.0/guice-5.1.0.jar:/home/developer/.m2/repository/aopalliance/aopalliance/1.0/aopalliance-1.0.jar:/home/developer/.m2/repository/com/google/guava/guava/33.2.0-jre/guava-33.2.0-jre.jar:/home/developer/.m2/repository/com/google/guava/failureaccess/1.0.1/failureaccess-1.0.1.jar:/home/developer/.m2/repository/javax/annotation/javax.annotation-api/1.3.2/javax.annotation-api-1.3.2.jar:/home/developer/.m2/repository/org/codehaus/plexus/plexus-classworlds/2.6.0/plexus-classworlds-2.6.0.jar:/home/developer/.m2/repository/commons-cli/commons-cli/1.5.0/commons-cli-1.5.0.jar:/home/developer/.m2/repository/org/eclipse/sisu/org.eclipse.sisu.plexus/0.9.0.M2/org.eclipse.sisu.plexus-0.9.0.M2.jar:/home/developer/.m2/repository/org/apache/maven/maven-settings-builder/3.9.6/maven-settings-builder-3.9.6.jar:/home/developer/.m2/repository/org/apache/maven/maven-resolver-provider/3.9.6/maven-resolver-provider-3.9.6.jar:/home/developer/.m2/repository/org/apache/maven/resolver/maven-resolver-connector-basic/1.9.18/maven-resolver-connector-basic-1.9.18.jar:/home/developer/.m2/repository/org/apache/maven/resolver/maven-resolver-transport-wagon/1.9.18/maven-resolver-transport-wagon-1.9.18.jar:/home/developer/.m2/repository/org/apache/maven/wagon/wagon-http/3.5.3/wagon-http-3.5.3.jar:/home/developer/.m2/repository/org/apache/maven/wagon/wagon-file/3.5.3/wagon-file-3.5.3.jar:/home/developer/.m2/repository/io/quarkus/quarkus-bootstrap-gradle-resolver/3.11.0/quarkus-bootstrap-gradle-resolver-3.11.0.jar:/home/developer/.m2/repository/commons-io/commons-io/2.16.1/commons-io-2.16.1.jar:/home/developer/.m2/repository/io/quarkus/quarkus-junit5-properties/3.11.0/quarkus-junit5-properties-3.11.0.jar:/home/developer/.m2/repository/org/junit/jupiter/junit-jupiter/5.10.2/junit-jupiter-5.10.2.jar:/home/developer/.m2/repository/org/junit/jupiter/junit-jupiter-api/5.10.2/junit-jupiter-api-5.10.2.jar:/home/developer/.m2/repository/org/opentest4j/opentest4j/1.3.0/opentest4j-1.3.0.jar:/home/developer/.m2/repository/org/junit/platform/junit-platform-commons/1.10.2/junit-platform-commons-1.10.2.jar:/home/developer/.m2/repository/org/apiguardian/apiguardian-api/1.1.2/apiguardian-api-1.1.2.jar:/home/developer/.m2/repository/org/junit/jupiter/junit-jupiter-params/5.10.2/junit-jupiter-params-5.10.2.jar:/home/developer/.m2/repository/org/junit/jupiter/junit-jupiter-engine/5.10.2/junit-jupiter-engine-5.10.2.jar:/home/developer/.m2/repository/org/junit/platform/junit-platform-engine/1.10.2/junit-platform-engine-1.10.2.jar:/home/developer/.m2/repository/com/thoughtworks/xstream/xstream/1.4.20/xstream-1.4.20.jar:/home/developer/.m2/repository/io/github/x-stream/mxparser/1.2.2/mxparser-1.2.2.jar:/home/developer/.m2/repository/xmlpull/xmlpull/1.1.3.1/xmlpull-1.1.3.1.jar:/home/developer/.m2/repository/io/rest-assured/rest-assured/5.4.0/rest-assured-5.4.0.jar:/home/developer/.m2/repository/org/apache/groovy/groovy/4.0.16/groovy-4.0.16.jar:/home/developer/.m2/repository/org/apache/groovy/groovy-xml/4.0.16/groovy-xml-4.0.16.jar:/home/developer/.m2/repository/org/apache/httpcomponents/httpclient/4.5.14/httpclient-4.5.14.jar:/home/developer/.m2/repository/org/apache/httpcomponents/httpcore/4.4.16/httpcore-4.4.16.jar:/home/developer/.m2/repository/commons-codec/commons-codec/1.17.0/commons-codec-1.17.0.jar:/home/developer/.m2/repository/org/apache/httpcomponents/httpmime/4.5.14/httpmime-4.5.14.jar:/home/developer/.m2/repository/org/hamcrest/hamcrest/2.2/hamcrest-2.2.jar:/home/developer/.m2/repository/org/ccil/cowan/tagsoup/tagsoup/1.2.1/tagsoup-1.2.1.jar:/home/developer/.m2/repository/io/rest-assured/json-path/5.4.0/json-path-5.4.0.jar:/home/developer/.m2/repository/org/apache/groovy/groovy-json/4.0.16/groovy-json-4.0.16.jar:/home/developer/.m2/repository/io/rest-assured/rest-assured-common/5.4.0/rest-assured-common-5.4.0.jar:/home/developer/.m2/repository/io/rest-assured/xml-path/5.4.0/xml-path-5.4.0.jar:/home/developer/.m2/repository/org/apache/commons/commons-lang3/3.14.0/commons-lang3-3.14.0.jar:"/>
    <property name="sun.cpu.endian" value="little"/>
    <property name="user.home" value="/home/developer"/>
    <property name="user.language" value="en"/>
    <property name="jboss.log-version" value="false"/>
    <property name="mp.openapi.extensions.smallrye.defaultPrimitivesConsumes" value="text/plain"/>
    <property name="java.specification.vendor" value="Oracle Corporation"/>
    <property name="io.netty.allocator.maxOrder" value="3"/>
    <property name="java.version.date" value="2024-01-16"/>
    <property name="java.home" value="/usr/lib/jvm/java-21-openjdk-amd64"/>
    <property name="file.separator" value="/"/>
    <property name="basedir" value="/home/developer/Documents/rm"/>
    <property name="java.vm.compressedOopsMode" value="32-bit"/>
    <property name="line.separator" value="&#10;"/>
    <property name="java.vm.specification.vendor" value="Oracle Corporation"/>
    <property name="java.specification.name" value="Java Platform API Specification"/>
    <property name="surefire.real.class.path" value="/home/developer/Documents/rm/target/surefire/surefirebooter-20240601073336594_3.jar"/>
    <property name="mp.openapi.extensions.smallrye.defaultStreamingConsumes" value="application/octet-stream"/>
    <property name="sun.management.compiler" value="HotSpot 64-Bit Tiered Compilers"/>
    <property name="mp.openapi.extensions.smallrye.defaultPrimitivesProduces" value="text/plain"/>
    <property name="java.runtime.version" value="21.0.2+13-Ubuntu-122.04.1"/>
    <property name="user.name" value="developer"/>
    <property name="com.mysql.cj.disableAbandonedConnectionCleanup" value="true"/>
    <property name="stdout.encoding" value="UTF-8"/>
    <property name="path.separator" value=":"/>
    <property name="os.version" value="6.5.0-35-generic"/>
    <property name="java.runtime.name" value="OpenJDK Runtime Environment"/>
    <property name="file.encoding" value="UTF-8"/>
    <property name="java.vm.name" value="OpenJDK 64-Bit Server VM"/>
    <property name="localRepository" value="/home/developer/.m2/repository"/>
    <property name="java.vendor.url.bug" value="Unknown"/>
    <property name="java.io.tmpdir" value="/tmp"/>
    <property name="quarkus.log.file.path" value="target/quarkus.log"/>
    <property name="java.version" value="21.0.2"/>
    <property name="mp.openapi.extensions.smallrye.defaultStreamingProduces" value="application/octet-stream"/>
    <property name="java.util.concurrent.ForkJoinPool.common.threadFactory" value="io.quarkus.bootstrap.forkjoin.QuarkusForkJoinWorkerThreadFactory"/>
    <property name="user.dir" value="/home/developer/Documents/rm"/>
    <property name="os.arch" value="amd64"/>
    <property name="java.vm.specification.name" value="Java Virtual Machine Specification"/>
    <property name="native.encoding" value="UTF-8"/>
    <property name="java.util.logging.manager" value="org.jboss.logmanager.LogManager"/>
    <property name="java.library.path" value="/usr/java/packages/lib:/usr/lib/x86_64-linux-gnu/jni:/lib/x86_64-linux-gnu:/usr/lib/x86_64-linux-gnu:/usr/lib/jni:/lib:/usr/lib"/>
    <property name="java.vm.info" value="mixed mode, sharing"/>
    <property name="stderr.encoding" value="UTF-8"/>
    <property name="java.vendor" value="Private Build"/>
    <property name="vertx.disableTCCL" value="true"/>
    <property name="java.vm.version" value="21.0.2+13-Ubuntu-122.04.1"/>
    <property name="sun.io.unicode.encoding" value="UnicodeLittle"/>
    <property name="io.netty.machineId" value="9b:14:d8:ca:33:61:c8:27"/>
    <property name="java.class.version" value="65.0"/>
    <property name="mp.openapi.extensions.smallrye.defaultConsumes" value="application/json"/>
  </properties>
  <testcase name="testHelloEndpoint" classname="org.imaginnovate.GreetingResourceTest" time="0.006">
    <error message="java.lang.ExceptionInInitializerError" type="java.lang.RuntimeException"><![CDATA[java.lang.RuntimeException: java.lang.ExceptionInInitializerError
	at io.quarkus.test.junit.QuarkusTestExtension.throwBootFailureException(QuarkusTestExtension.java:642)
	at io.quarkus.test.junit.QuarkusTestExtension.interceptTestClassConstructor(QuarkusTestExtension.java:726)
	at java.base/java.util.Optional.orElseGet(Optional.java:364)
	at java.base/java.util.ArrayList.forEach(ArrayList.java:1596)
	at java.base/java.util.ArrayList.forEach(ArrayList.java:1596)
Caused by: java.lang.ExceptionInInitializerError
	at java.base/java.lang.Class.forName0(Native Method)
	at java.base/java.lang.Class.forName(Class.java:534)
	at java.base/java.lang.Class.forName(Class.java:513)
	at io.quarkus.runner.bootstrap.StartupActionImpl.run(StartupActionImpl.java:269)
	at io.quarkus.test.junit.QuarkusTestExtension.doJavaStart(QuarkusTestExtension.java:251)
	at io.quarkus.test.junit.QuarkusTestExtension.ensureStarted(QuarkusTestExtension.java:609)
	at io.quarkus.test.junit.QuarkusTestExtension.beforeAll(QuarkusTestExtension.java:659)
	... 1 more
Caused by: java.lang.RuntimeException: Failed to start quarkus
	at io.quarkus.runner.ApplicationImpl.<clinit>(Unknown Source)
	... 8 more
Caused by: org.hibernate.type.descriptor.java.spi.JdbcTypeRecommendationException: Could not determine recommended JdbcType for Java type 'org.imaginnovate.model.Project'
	at org.hibernate.type.descriptor.java.spi.UnknownBasicJavaType.getRecommendedJdbcType(UnknownBasicJavaType.java:50)
	at org.hibernate.boot.model.process.internal.InferredBasicValueResolver.from(InferredBasicValueResolver.java:195)
	at org.hibernate.mapping.BasicValue.resolution(BasicValue.java:647)
	at org.hibernate.mapping.BasicValue.buildResolution(BasicValue.java:498)
	at org.hibernate.mapping.BasicValue.resolve(BasicValue.java:350)
	at org.hibernate.mapping.BasicValue.resolve(BasicValue.java:340)
	at org.hibernate.boot.internal.InFlightMetadataCollectorImpl.lambda$processValueResolvers$4(InFlightMetadataCollectorImpl.java:1796)
	at java.base/java.util.ArrayList.removeIf(ArrayList.java:1765)
	at java.base/java.util.ArrayList.removeIf(ArrayList.java:1743)
	at org.hibernate.boot.internal.InFlightMetadataCollectorImpl.processValueResolvers(InFlightMetadataCollectorImpl.java:1795)
	at org.hibernate.boot.internal.InFlightMetadataCollectorImpl.processSecondPasses(InFlightMetadataCollectorImpl.java:1781)
	at org.hibernate.boot.model.process.spi.MetadataBuildingProcess.complete(MetadataBuildingProcess.java:334)
	at io.quarkus.hibernate.orm.runtime.boot.FastBootMetadataBuilder.build(FastBootMetadataBuilder.java:415)
	at io.quarkus.hibernate.orm.runtime.PersistenceUnitsHolder.createMetadata(PersistenceUnitsHolder.java:101)
	at io.quarkus.hibernate.orm.runtime.PersistenceUnitsHolder.constructMetadataAdvance(PersistenceUnitsHolder.java:73)
	at io.quarkus.hibernate.orm.runtime.PersistenceUnitsHolder.initializeJpa(PersistenceUnitsHolder.java:40)
	at io.quarkus.hibernate.orm.runtime.HibernateOrmRecorder$1.created(HibernateOrmRecorder.java:78)
	at io.quarkus.arc.runtime.ArcRecorder.initBeanContainer(ArcRecorder.java:79)
	at io.quarkus.deployment.steps.ArcProcessor$notifyBeanContainerListeners1304312071.deploy_0(Unknown Source)
	at io.quarkus.deployment.steps.ArcProcessor$notifyBeanContainerListeners1304312071.deploy(Unknown Source)
	... 9 more
]]></error>
    <system-out><![CDATA[2024-06-01 07:33:43,022 WARN  [io.qua.hib.orm.dep.HibernateOrmProcessor] (build-38) Could not find a suitable persistence unit for model classes:
	- io.quarkus.hibernate.orm.panache.PanacheEntity
	- io.quarkus.hibernate.orm.panache.PanacheEntityBase
]]></system-out>
  </testcase>
</testsuite>